{"C:\\Users\\pabll\\OneDrive\\Desktop\\PROJECTS\\csv_uploader\\backend\\src\\Server.ts": {"path":"C:\\Users\\pabll\\OneDrive\\Desktop\\PROJECTS\\csv_uploader\\backend\\src\\Server.ts","statementMap":{"0":{"start":{"line":1,"column":0},"end":{"line":1,"column":30}},"1":{"start":{"line":3,"column":0},"end":{"line":3,"column":41}},"2":{"start":{"line":4,"column":0},"end":{"line":4,"column":41}},"3":{"start":{"line":6,"column":12},"end":{"line":6,"column":21}},"4":{"start":{"line":7,"column":13},"end":{"line":7,"column":17}},"5":{"start":{"line":9,"column":0},"end":{"line":9,"column":24}},"6":{"start":{"line":10,"column":0},"end":{"line":10,"column":35}},"7":{"start":{"line":11,"column":0},"end":{"line":11,"column":35}},"8":{"start":{"line":13,"column":0},"end":{"line":17,"column":1}},"9":{"start":{"line":14,"column":2},"end":{"line":16,"column":5}},"10":{"start":{"line":15,"column":4},"end":{"line":15,"column":58}},"11":{"start":{"line":19,"column":0},"end":{"line":19,"column":19}}},"fnMap":{"0":{"name":"(anonymous_1)","decl":{"start":{"line":14,"column":19},"end":{"line":14,"column":22}},"loc":{"start":{"line":14,"column":24},"end":{"line":16,"column":3}}}},"branchMap":{"0":{"loc":{"start":{"line":13,"column":0},"end":{"line":17,"column":1}},"type":"if","locations":[{"start":{"line":13,"column":0},"end":{"line":17,"column":1}}]}},"s":{"0":2,"1":2,"2":2,"3":2,"4":2,"5":2,"6":2,"7":2,"8":2,"9":0,"10":0,"11":2},"f":{"0":0},"b":{"0":[0]}}
,"C:\\Users\\pabll\\OneDrive\\Desktop\\PROJECTS\\csv_uploader\\backend\\src\\config\\multer.ts": {"path":"C:\\Users\\pabll\\OneDrive\\Desktop\\PROJECTS\\csv_uploader\\backend\\src\\config\\multer.ts","statementMap":{"0":{"start":{"line":1,"column":0},"end":{"line":1,"column":28}},"1":{"start":{"line":3,"column":16},"end":{"line":3,"column":38}},"2":{"start":{"line":5,"column":15},"end":{"line":7,"column":2}},"3":{"start":{"line":9,"column":0},"end":{"line":9,"column":22}}},"fnMap":{},"branchMap":{},"s":{"0":2,"1":2,"2":2,"3":2},"f":{},"b":{}}
,"C:\\Users\\pabll\\OneDrive\\Desktop\\PROJECTS\\csv_uploader\\backend\\src\\controllers\\files.ts": {"path":"C:\\Users\\pabll\\OneDrive\\Desktop\\PROJECTS\\csv_uploader\\backend\\src\\controllers\\files.ts","statementMap":{"0":{"start":{"line":2,"column":0},"end":{"line":2,"column":54}},"1":{"start":{"line":4,"column":26},"end":{"line":16,"column":2}},"2":{"start":{"line":4,"column":60},"end":{"line":16,"column":2}},"3":{"start":{"line":5,"column":2},"end":{"line":15,"column":3}},"4":{"start":{"line":6,"column":4},"end":{"line":8,"column":5}},"5":{"start":{"line":7,"column":6},"end":{"line":7,"column":67}},"6":{"start":{"line":9,"column":4},"end":{"line":9,"column":39}},"7":{"start":{"line":11,"column":4},"end":{"line":11,"column":84}},"8":{"start":{"line":13,"column":4},"end":{"line":13,"column":23}},"9":{"start":{"line":14,"column":4},"end":{"line":14,"column":98}},"10":{"start":{"line":4,"column":13},"end":{"line":4,"column":26}}},"fnMap":{"0":{"name":"(anonymous_7)","decl":{"start":{"line":4,"column":26},"end":{"line":4,"column":33}},"loc":{"start":{"line":4,"column":60},"end":{"line":16,"column":2}}},"1":{"name":"(anonymous_8)","decl":{"start":{"line":4,"column":60},"end":{"line":4,"column":null}},"loc":{"start":{"line":4,"column":60},"end":{"line":16,"column":1}}}},"branchMap":{"0":{"loc":{"start":{"line":6,"column":4},"end":{"line":8,"column":5}},"type":"if","locations":[{"start":{"line":6,"column":4},"end":{"line":8,"column":5}}]}},"s":{"0":2,"1":2,"2":3,"3":3,"4":3,"5":1,"6":2,"7":1,"8":1,"9":1,"10":2},"f":{"0":3,"1":3},"b":{"0":[1]}}
,"C:\\Users\\pabll\\OneDrive\\Desktop\\PROJECTS\\csv_uploader\\backend\\src\\controllers\\users.ts": {"path":"C:\\Users\\pabll\\OneDrive\\Desktop\\PROJECTS\\csv_uploader\\backend\\src\\controllers\\users.ts","statementMap":{"0":{"start":{"line":2,"column":0},"end":{"line":2,"column":54}},"1":{"start":{"line":4,"column":24},"end":{"line":13,"column":2}},"2":{"start":{"line":4,"column":62},"end":{"line":13,"column":2}},"3":{"start":{"line":5,"column":16},"end":{"line":5,"column":27}},"4":{"start":{"line":6,"column":2},"end":{"line":12,"column":3}},"5":{"start":{"line":7,"column":19},"end":{"line":7,"column":43}},"6":{"start":{"line":8,"column":4},"end":{"line":8,"column":40}},"7":{"start":{"line":10,"column":4},"end":{"line":10,"column":23}},"8":{"start":{"line":11,"column":4},"end":{"line":11,"column":98}},"9":{"start":{"line":4,"column":13},"end":{"line":4,"column":24}}},"fnMap":{"0":{"name":"(anonymous_7)","decl":{"start":{"line":4,"column":24},"end":{"line":4,"column":31}},"loc":{"start":{"line":4,"column":62},"end":{"line":13,"column":2}}},"1":{"name":"(anonymous_8)","decl":{"start":{"line":4,"column":62},"end":{"line":4,"column":null}},"loc":{"start":{"line":4,"column":62},"end":{"line":13,"column":1}}}},"branchMap":{},"s":{"0":2,"1":2,"2":4,"3":4,"4":4,"5":4,"6":4,"7":0,"8":0,"9":2},"f":{"0":4,"1":4},"b":{}}
,"C:\\Users\\pabll\\OneDrive\\Desktop\\PROJECTS\\csv_uploader\\backend\\src\\routes\\files.ts": {"path":"C:\\Users\\pabll\\OneDrive\\Desktop\\PROJECTS\\csv_uploader\\backend\\src\\routes\\files.ts","statementMap":{"0":{"start":{"line":1,"column":0},"end":{"line":1,"column":30}},"1":{"start":{"line":3,"column":0},"end":{"line":3,"column":50}},"2":{"start":{"line":4,"column":0},"end":{"line":4,"column":38}},"3":{"start":{"line":6,"column":15},"end":{"line":6,"column":31}},"4":{"start":{"line":8,"column":0},"end":{"line":8,"column":52}},"5":{"start":{"line":10,"column":0},"end":{"line":10,"column":22}}},"fnMap":{},"branchMap":{},"s":{"0":2,"1":2,"2":2,"3":2,"4":2,"5":2},"f":{},"b":{}}
,"C:\\Users\\pabll\\OneDrive\\Desktop\\PROJECTS\\csv_uploader\\backend\\src\\routes\\users.ts": {"path":"C:\\Users\\pabll\\OneDrive\\Desktop\\PROJECTS\\csv_uploader\\backend\\src\\routes\\users.ts","statementMap":{"0":{"start":{"line":1,"column":0},"end":{"line":1,"column":30}},"1":{"start":{"line":3,"column":0},"end":{"line":3,"column":48}},"2":{"start":{"line":5,"column":15},"end":{"line":5,"column":31}},"3":{"start":{"line":7,"column":0},"end":{"line":7,"column":26}},"4":{"start":{"line":9,"column":0},"end":{"line":9,"column":22}}},"fnMap":{},"branchMap":{},"s":{"0":2,"1":2,"2":2,"3":2,"4":2},"f":{},"b":{}}
,"C:\\Users\\pabll\\OneDrive\\Desktop\\PROJECTS\\csv_uploader\\backend\\src\\services\\fileService.ts": {"path":"C:\\Users\\pabll\\OneDrive\\Desktop\\PROJECTS\\csv_uploader\\backend\\src\\services\\fileService.ts","statementMap":{"0":{"start":{"line":6,"column":0},"end":{"line":6,"column":22}},"1":{"start":{"line":1,"column":0},"end":{"line":1,"column":34}},"2":{"start":{"line":2,"column":0},"end":{"line":2,"column":37}},"3":{"start":{"line":4,"column":0},"end":{"line":4,"column":34}},"4":{"start":{"line":7,"column":13},"end":{"line":7,"column":27}},"5":{"start":{"line":8,"column":17},"end":{"line":8,"column":73}},"6":{"start":{"line":10,"column":2},"end":{"line":20,"column":3}},"7":{"start":{"line":10,"column":29},"end":{"line":10,"column":35}},"8":{"start":{"line":10,"column":29},"end":{"line":10,"column":37}},"9":{"start":{"line":10,"column":25},"end":{"line":10,"column":29}},"10":{"start":{"line":11,"column":23},"end":{"line":17,"column":6}},"11":{"start":{"line":19,"column":4},"end":{"line":19,"column":155}}},"fnMap":{"0":{"name":"saveCsvData","decl":{"start":{"line":6,"column":22},"end":{"line":6,"column":33}},"loc":{"start":{"line":6,"column":52},"end":{"line":21,"column":null}}}},"branchMap":{},"s":{"0":2,"1":2,"2":2,"3":2,"4":0,"5":0,"6":0,"7":0,"8":0,"9":0,"10":0,"11":0},"f":{"0":0},"b":{}}
,"C:\\Users\\pabll\\OneDrive\\Desktop\\PROJECTS\\csv_uploader\\backend\\src\\services\\userService.ts": {"path":"C:\\Users\\pabll\\OneDrive\\Desktop\\PROJECTS\\csv_uploader\\backend\\src\\services\\userService.ts","statementMap":{"0":{"start":{"line":1,"column":0},"end":{"line":1,"column":37}},"1":{"start":{"line":3,"column":27},"end":{"line":14,"column":2}},"2":{"start":{"line":3,"column":48},"end":{"line":14,"column":2}},"3":{"start":{"line":4,"column":13},"end":{"line":4,"column":27}},"4":{"start":{"line":5,"column":16},"end":{"line":5,"column":31}},"5":{"start":{"line":6,"column":16},"end":{"line":11,"column":4}},"6":{"start":{"line":13,"column":2},"end":{"line":13,"column":25}},"7":{"start":{"line":3,"column":13},"end":{"line":3,"column":27}}},"fnMap":{"0":{"name":"(anonymous_7)","decl":{"start":{"line":3,"column":27},"end":{"line":3,"column":34}},"loc":{"start":{"line":3,"column":48},"end":{"line":14,"column":2}}},"1":{"name":"(anonymous_8)","decl":{"start":{"line":3,"column":48},"end":{"line":3,"column":null}},"loc":{"start":{"line":3,"column":48},"end":{"line":14,"column":1}}}},"branchMap":{},"s":{"0":2,"1":2,"2":4,"3":4,"4":4,"5":4,"6":4,"7":2},"f":{"0":4,"1":4},"b":{}}
,"C:\\Users\\pabll\\OneDrive\\Desktop\\PROJECTS\\csv_uploader\\backend\\src\\utils\\db.ts": {"path":"C:\\Users\\pabll\\OneDrive\\Desktop\\PROJECTS\\csv_uploader\\backend\\src\\utils\\db.ts","statementMap":{"0":{"start":{"line":4,"column":0},"end":{"line":4,"column":22}},"1":{"start":{"line":1,"column":0},"end":{"line":1,"column":30}},"2":{"start":{"line":2,"column":0},"end":{"line":2,"column":30}},"3":{"start":{"line":5,"column":13},"end":{"line":8,"column":4}},"4":{"start":{"line":10,"column":2},"end":{"line":16,"column":6}},"5":{"start":{"line":18,"column":2},"end":{"line":18,"column":12}}},"fnMap":{"0":{"name":"initDb","decl":{"start":{"line":4,"column":22},"end":{"line":4,"column":28}},"loc":{"start":{"line":4,"column":28},"end":{"line":19,"column":null}}}},"branchMap":{},"s":{"0":3,"1":3,"2":3,"3":5,"4":5,"5":5},"f":{"0":5},"b":{}}
}
