TN:
SF:src\Server.ts
FN:15,(anonymous_1)
FNF:1
FNH:0
FNDA:0,(anonymous_1)
DA:1,2
DA:2,2
DA:3,2
DA:4,2
DA:6,2
DA:7,2
DA:8,2
DA:9,2
DA:11,2
DA:12,2
DA:14,2
DA:15,0
DA:16,0
DA:20,2
LF:14
LH:12
BRDA:14,0,0,0
BRF:1
BRH:0
end_of_record
TN:
SF:src\config\multer.ts
FN:6,(anonymous_1)
FN:9,(anonymous_2)
FNF:2
FNH:2
FNDA:1,(anonymous_1)
FNDA:1,(anonymous_2)
DA:1,2
DA:2,2
DA:5,2
DA:7,1
DA:10,1
DA:11,1
DA:15,2
DA:19,2
LF:8
LH:8
BRF:0
BRH:0
end_of_record
TN:
SF:src\controllers\files.ts
FN:4,(anonymous_7)
FN:4,(anonymous_8)
FNF:2
FNH:2
FNDA:2,(anonymous_7)
FNDA:2,(anonymous_8)
DA:2,2
DA:4,2
DA:5,2
DA:6,2
DA:7,1
DA:9,1
DA:11,1
DA:13,0
DA:14,0
LF:9
LH:7
BRDA:6,0,0,1
BRF:1
BRH:1
end_of_record
TN:
SF:src\controllers\users.ts
FN:4,(anonymous_7)
FN:4,(anonymous_8)
FNF:2
FNH:2
FNDA:4,(anonymous_7)
FNDA:4,(anonymous_8)
DA:2,2
DA:4,4
DA:5,4
DA:6,4
DA:7,4
DA:8,4
DA:10,0
DA:11,0
LF:8
LH:6
BRF:0
BRH:0
end_of_record
TN:
SF:src\routes\files.ts
FNF:0
FNH:0
DA:1,2
DA:3,2
DA:4,2
DA:6,2
DA:8,2
DA:10,2
LF:6
LH:6
BRF:0
BRH:0
end_of_record
TN:
SF:src\routes\users.ts
FNF:0
FNH:0
DA:1,2
DA:3,2
DA:5,2
DA:7,2
DA:9,2
LF:5
LH:5
BRF:0
BRH:0
end_of_record
TN:
SF:src\services\fileService.ts
FN:7,saveCsvData
FNF:1
FNH:1
FNDA:1,saveCsvData
DA:1,2
DA:2,2
DA:4,2
DA:7,2
DA:8,1
DA:9,1
DA:11,5
DA:12,2
DA:20,2
LF:9
LH:9
BRF:0
BRH:0
end_of_record
TN:
SF:src\services\userService.ts
FN:3,(anonymous_7)
FN:3,(anonymous_8)
FN:16,(anonymous_9)
FN:16,(anonymous_10)
FNF:4
FNH:2
FNDA:4,(anonymous_7)
FNDA:4,(anonymous_8)
FNDA:0,(anonymous_9)
FNDA:0,(anonymous_10)
DA:1,2
DA:3,4
DA:4,4
DA:5,4
DA:6,4
DA:13,4
DA:16,2
DA:17,0
DA:18,0
DA:19,0
DA:21,0
LF:11
LH:7
BRF:0
BRH:0
end_of_record
TN:
SF:src\utils\db.ts
FN:4,initDb
FNF:1
FNH:1
FNDA:6,initDb
DA:1,2
DA:2,2
DA:4,2
DA:5,6
DA:10,6
DA:18,6
LF:6
LH:6
BRF:0
BRH:0
end_of_record
